Connected to pod
Waiting on message 
Waiting on message Jammer1
Reseting Jammer1
Waiting on message Jammer2
Reseting Jammer2
Waiting on message Jammer3
Reseting Jammer3
Waiting on message 
Waiting on message Jammer1
Reseting Jammer1
Waiting on message Jammer2
Reseting Jammer2
Waiting on message 
Waiting on message Jammer3
Reseting Jammer3
Waiting on message 
Waiting on message Jammer3
Reseting Jammer3
Waiting on message 
Waiting on message 
Waiting on message Jammer3
Reseting Jammer3
Waiting on message DRFM
DRFM is terminating
Caught signal terminate from PodController, exiting...
Jammer1 is terminating
Stopping Jammer1
Jammer1 Stopped
Jammer2 is terminating
Stopping Jammer2
Jammer2 Stopped
Jammer3 is terminating
Stopping Jammer3
Jammer3 Stopped
Sensor is terminating
Stopping Sensor
Sensor Stopped
termination Successful!!
