Connected to DRFM
File time 1449170497719454, current time 1449170498059654
Time different :340200
Waiting on DRFM Message every second...
Using Device 0: Tesla K20m
	Device 0, "Tesla K20m":
		Utilization: 27% GPU, 0% MEM
		Power usage: 49W
		CPU : 1.875
		Memory :98.4781
Waiting on DRFM Message every second...
Using Device 0: Tesla K20m
	Device 0, "Tesla K20m":
		Utilization: 13% GPU, 0% MEM
		Power usage: 49W
		CPU : 1.67151
		Memory :98.5938
Waiting on DRFM Message every second...
Using Device 0: Tesla K20m
	Device 0, "Tesla K20m":
		Utilization: 53% GPU, 2% MEM
		Power usage: 49W
		CPU : 2.12054
		Memory :98.5389
Waiting on DRFM Message every second...
Caught terminating signal, exiting...
